<?xml version="1.0" encoding="UTF-8"?>
<!-- Generated by org.testng.reporters.JUnitReportReporter -->
<testsuite skipped="0" hostname="USLBXS0062" name="TestAssertions" tests="3" failures="0" timestamp="14 Sep 2017 00:14:00 GMT" time="0.016" errors="0">
  <testcase name="test3" time="0.000" classname="TestAssertions"/>
  <testcase name="test1" time="0.016" classname="TestAssertions"/>
  <testcase name="test2" time="0.000" classname="TestAssertions"/>
</testsuite> <!-- TestAssertions -->
