<?xml version="1.0" encoding="UTF-8"?>
<!-- Generated by org.testng.reporters.JUnitReportReporter -->
<testsuite hostname="USLBXS0062" name="TestAssertions" tests="3" failures="0" timestamp="14 Sep 2017 00:02:47 GMT" time="0.017" errors="0">
  <testcase name="test2" time="0.016" classname="TestAssertions"/>
  <testcase name="test1" time="0.001" classname="TestAssertions"/>
  <testcase name="test3" time="0.000" classname="TestAssertions"/>
</testsuite> <!-- TestAssertions -->
