<?xml version="1.0" encoding="UTF-8"?>
<!-- Generated by org.testng.reporters.JUnitReportReporter -->
<testsuite skipped="0" hostname="USLBXS0062" name="wandaTestZephyr.ChromeSeleniumTestGoogle" tests="1" failures="0" timestamp="13 Sep 2017 18:45:16 GMT" time="4.283" errors="0">
  <testcase name="testGoogle" time="4.283" classname="wandaTestZephyr.ChromeSeleniumTestGoogle"/>
</testsuite> <!-- wandaTestZephyr.ChromeSeleniumTestGoogle -->
