<?xml version="1.0" encoding="UTF-8"?>
<!-- Generated by org.testng.reporters.JUnitReportReporter -->
<testsuite hostname="USLBXS0062" name="TestGoogleSearch" tests="1" failures="0" timestamp="13 Sep 2017 20:56:07 GMT" time="3.362" errors="0">
  <testcase name="f" time="3.362" classname="TestGoogleSearch"/>
</testsuite> <!-- TestGoogleSearch -->
