<?xml version="1.0" encoding="UTF-8"?>
<!-- Generated by org.testng.reporters.JUnitReportReporter -->
<testsuite skipped="0" hostname="USLBXS0062" name="wandaTestZephyr.ChromeSeleniumTest" tests="1" failures="0" timestamp="13 Sep 2017 18:42:03 GMT" time="4.259" errors="0">
  <testcase name="testGoogle" time="4.259" classname="wandaTestZephyr.ChromeSeleniumTest"/>
</testsuite> <!-- wandaTestZephyr.ChromeSeleniumTest -->
