<?xml version="1.0" encoding="UTF-8"?>
<!-- Generated by org.testng.reporters.JUnitReportReporter -->
<testsuite hostname="USLBXS0062" name="TestSysoutFail" tests="1" failures="0" timestamp="13 Sep 2017 20:13:01 GMT" time="3.836" errors="0">
  <testcase name="f" time="3.836" classname="TestSysoutFail"/>
</testsuite> <!-- TestSysoutFail -->
