<?xml version="1.0" encoding="UTF-8"?>
<!-- Generated by org.testng.reporters.JUnitReportReporter -->
<testsuite skipped="0" hostname="USLBXS0062" name="TestSysoutWH" tests="1" failures="0" timestamp="14 Sep 2017 00:14:00 GMT" time="5.802" errors="0">
  <testcase name="ZephyrTestWH" time="5.802" classname="TestSysoutWH"/>
</testsuite> <!-- TestSysoutWH -->
