<?xml version="1.0" encoding="UTF-8"?>
<!-- Generated by org.testng.reporters.JUnitReportReporter -->
<testsuite skipped="0" hostname="USLBXS0062" name="TestSysoutFail" tests="1" failures="0" timestamp="13 Sep 2017 19:16:17 GMT" time="4.095" errors="0">
  <testcase name="f" time="4.095" classname="TestSysoutFail"/>
</testsuite> <!-- TestSysoutFail -->
