<?xml version="1.0" encoding="UTF-8"?>
<!-- Generated by org.testng.reporters.JUnitReportReporter -->
<testsuite hostname="USLBXS0062" name="TestSysoutFail" tests="1" failures="0" timestamp="13 Sep 2017 20:56:07 GMT" time="4.191" errors="0">
  <testcase name="f" time="4.191" classname="TestSysoutFail"/>
</testsuite> <!-- TestSysoutFail -->
