<?xml version="1.0" encoding="UTF-8"?>
<!-- Generated by org.testng.reporters.JUnitReportReporter -->
<testsuite hostname="USLBXS0062" name="TestSysoutFail" tests="1" failures="0" timestamp="14 Sep 2017 00:02:47 GMT" time="3.802" errors="0">
  <testcase name="f" time="3.802" classname="TestSysoutFail"/>
</testsuite> <!-- TestSysoutFail -->
