<?xml version="1.0" encoding="UTF-8"?>
<!-- Generated by org.testng.reporters.JUnitReportReporter -->
<testsuite skipped="0" hostname="USLBXS0062" name="TestGoogleSearch" tests="1" failures="0" timestamp="13 Sep 2017 19:16:17 GMT" time="3.751" errors="0">
  <testcase name="f" time="3.751" classname="TestGoogleSearch"/>
</testsuite> <!-- TestGoogleSearch -->
