<?xml version="1.0" encoding="UTF-8"?>
<!-- Generated by org.testng.reporters.JUnitReportReporter -->
<testsuite skipped="0" hostname="USLBXS0062" name="TestGoogleSearch" tests="1" failures="0" timestamp="14 Sep 2017 00:14:00 GMT" time="4.899" errors="0">
  <testcase name="GoogleSearchf" time="4.899" classname="TestGoogleSearch"/>
</testsuite> <!-- TestGoogleSearch -->
